<?xml version="1.0" encoding="utf-8"?><testsuites name="pytest tests"><testsuite name="pytest" errors="0" failures="1" skipped="0" tests="2" time="4.945" timestamp="2026-09-22T16:48:34.161182+00:00" hostname="agent-env-8a9ed455-9a1d-47c1-8234-82f0fb6ee970"><testcase classname="backend.tests.test_admin_auth_iter36" name="test_admin_auth_cookie_session_and_logout" time="2.241"><failure message="AssertionError: assert 'samesite=strict' in '__host-bb-admin=0cjafxhiuuqu16yyxuxeyf7rmvvi68kynfzbn3ohibf5qaftjjogljynyss-qnw8; httponly; max-age=28800; path=/; secure; samesite=none; partitioned'">backend/tests/test_admin_auth_iter36.py:60: in test_admin_auth_cookie_session_and_logout
    assert "samesite=strict" in set_cookie
E   AssertionError: assert 'samesite=strict' in '__host-bb-admin=0cjafxhiuuqu16yyxuxeyf7rmvvi68kynfzbn3ohibf5qaftjjogljynyss-qnw8; httponly; max-age=28800; path=/; secure; samesite=none; partitioned'</failure></testcase><testcase classname="backend.tests.test_admin_auth_iter36" name="test_admin_password_hash_uses_bcrypt_2b" time="2.560" /></testsuite></testsuites>