<?xml version="1.0" encoding="utf-8"?><testsuites name="pytest tests"><testsuite name="pytest" errors="0" failures="0" skipped="0" tests="15" time="10.708" timestamp="2026-02-24T08:41:19.751745+00:00" hostname="agent-env-0a975dca-b83e-4b74-bcc2-a632769e5a54"><testcase classname="backend.tests.test_admin_settings.TestAdminLogin" name="test_admin_login_success" time="2.387" /><testcase classname="backend.tests.test_admin_settings.TestAdminLogin" name="test_admin_login_invalid_credentials" time="0.345" /><testcase classname="backend.tests.test_admin_settings.TestAdminLogin" name="test_admin_login_wrong_username" time="0.348" /><testcase classname="backend.tests.test_admin_settings.TestAdminSettings" name="test_get_admin_settings" time="0.683" /><testcase classname="backend.tests.test_admin_settings.TestAdminSettings" name="test_get_settings_unauthorized" time="0.108" /><testcase classname="backend.tests.test_admin_settings.TestPasswordChange" name="test_password_change_wrong_current_password" time="0.684" /><testcase classname="backend.tests.test_admin_settings.TestPasswordChange" name="test_password_change_password_mismatch" time="0.454" /><testcase classname="backend.tests.test_admin_settings.TestPasswordChange" name="test_password_change_too_short" time="0.472" /><testcase classname="backend.tests.test_admin_settings.TestPasswordChange" name="test_password_change_unauthorized" time="0.107" /><testcase classname="backend.tests.test_admin_settings.TestDataExport" name="test_export_footer_forms" time="0.932" /><testcase classname="backend.tests.test_admin_settings.TestDataExport" name="test_export_contact_forms" time="0.916" /><testcase classname="backend.tests.test_admin_settings.TestDataExport" name="test_export_career_applications" time="1.191" /><testcase classname="backend.tests.test_admin_settings.TestDataExport" name="test_export_all_data" time="1.439" /><testcase classname="backend.tests.test_admin_settings.TestDataExport" name="test_export_invalid_type" time="0.472" /><testcase classname="backend.tests.test_admin_settings.TestDataExport" name="test_export_unauthorized" time="0.100" /></testsuite></testsuites>