<?xml version="1.0" encoding="utf-8"?><testsuites name="pytest tests"><testsuite name="pytest" errors="0" failures="0" skipped="0" tests="16" time="1.230" timestamp="2026-01-22T11:43:18.269171+00:00" hostname="agent-env-4eac9760-94f4-4c0c-b61a-d7c8f8b54741"><testcase classname="tests.test_admin_panel.TestAdminLogin" name="test_login_with_valid_credentials" time="0.067" /><testcase classname="tests.test_admin_panel.TestAdminLogin" name="test_login_with_invalid_username" time="0.038" /><testcase classname="tests.test_admin_panel.TestAdminLogin" name="test_login_with_invalid_password" time="0.040" /><testcase classname="tests.test_admin_panel.TestAdminLogin" name="test_login_with_empty_credentials" time="0.036" /><testcase classname="tests.test_admin_panel.TestAdminVerify" name="test_verify_valid_token" time="0.074" /><testcase classname="tests.test_admin_panel.TestAdminVerify" name="test_verify_invalid_token" time="0.040" /><testcase classname="tests.test_admin_panel.TestAdminVerify" name="test_verify_no_token" time="0.038" /><testcase classname="tests.test_admin_panel.TestAdminDashboardStats" name="test_get_dashboard_stats" time="0.118" /><testcase classname="tests.test_admin_panel.TestAdminDashboardStats" name="test_get_dashboard_stats_unauthorized" time="0.037" /><testcase classname="tests.test_admin_panel.TestAdminFooterSubmissions" name="test_get_footer_submissions" time="0.077" /><testcase classname="tests.test_admin_panel.TestAdminFooterSubmissions" name="test_get_footer_submissions_with_limit" time="0.116" /><testcase classname="tests.test_admin_panel.TestAdminFooterSubmissions" name="test_get_footer_submissions_with_search" time="0.087" /><testcase classname="tests.test_admin_panel.TestAdminContactSubmissions" name="test_get_contact_submissions" time="0.075" /><testcase classname="tests.test_admin_panel.TestAdminCareerApplications" name="test_get_career_applications" time="0.081" /><testcase classname="tests.test_admin_panel.TestAdminCareerApplications" name="test_get_career_applications_with_status_filter" time="0.088" /><testcase classname="tests.test_admin_panel.TestAdminLogout" name="test_logout_with_valid_token" time="0.159" /></testsuite></testsuites>