<?xml version="1.0" encoding="utf-8"?><testsuites name="pytest tests"><testsuite name="pytest" errors="0" failures="0" skipped="0" tests="10" time="8.574" timestamp="2026-09-22T08:50:19.627895+00:00" hostname="agent-env-8a9ed455-9a1d-47c1-8234-82f0fb6ee970"><testcase classname="backend.tests.test_ai_consulting_variant4_service_requirements_v35" name="test_variant4_missing_service_requirements_returns_422_json" time="0.332" /><testcase classname="backend.tests.test_ai_consulting_variant4_service_requirements_v35" name="test_variant4_empty_selected_requirement_returns_422_with_field_loc" time="0.142" /><testcase classname="backend.tests.test_ai_consulting_variant4_service_requirements_v35" name="test_variant4_whitespace_selected_requirement_returns_422_with_field_loc" time="0.119" /><testcase classname="backend.tests.test_ai_consulting_variant4_service_requirements_v35" name="test_variant4_unknown_or_unselected_map_key_rejected_422" time="0.121" /><testcase classname="backend.tests.test_ai_consulting_variant4_service_requirements_v35" name="test_variant4_gpu_service_requires_display_key_not_canonical_name" time="0.114" /><testcase classname="backend.tests.test_ai_consulting_variant4_service_requirements_v35" name="test_variant4_value_over_5000_rejected_422_and_json_not_500" time="0.138" /><testcase classname="backend.tests.test_ai_consulting_variant4_service_requirements_v35" name="test_variant4_non_string_or_null_values_rejected_422" time="0.235" /><testcase classname="backend.tests.test_ai_consulting_variant4_service_requirements_v35" name="test_variant4_all_9_services_valid_and_persisted" time="4.420" /><testcase classname="backend.tests.test_ai_consulting_variant4_service_requirements_v35" name="test_legacy_with_other_and_requirement_still_works" time="1.315" /><testcase classname="backend.tests.test_ai_consulting_variant4_service_requirements_v35" name="test_legacy_non_other_blank_requirement_still_works" time="1.499" /></testsuite></testsuites>