<?xml version="1.0" encoding="utf-8"?><testsuites name="pytest tests"><testsuite name="pytest" errors="0" failures="0" skipped="0" tests="4" time="13.858" timestamp="2026-09-21T17:48:33.746960+00:00" hostname="agent-env-8a9ed455-9a1d-47c1-8234-82f0fb6ee970"><testcase classname="backend.tests.test_ai_consulting_variants_v32.TestAIConsultingVariantsV32" name="test_submit_201_persisted_and_source_unchanged" time="3.205" /><testcase classname="backend.tests.test_ai_consulting_variants_v32.TestAIConsultingVariantsV32" name="test_conditional_validation_and_public_get_block" time="0.648" /><testcase classname="backend.tests.test_ai_consulting_variants_v32.TestAIConsultingVariantsV32" name="test_duplicate_email_returns_409" time="2.084" /><testcase classname="backend.tests.test_ai_consulting_variants_v32.TestAIConsultingVariantsV32" name="test_admin_list_detail_and_export_contains_created_record" time="7.800" /></testsuite></testsuites>