<?xml version="1.0" encoding="utf-8"?><testsuites name="pytest tests"><testsuite name="pytest" errors="0" failures="0" skipped="0" tests="21" time="32.750" timestamp="2026-09-21T16:41:21.153049+00:00" hostname="agent-env-8a9ed455-9a1d-47c1-8234-82f0fb6ee970"><testcase classname="backend.tests.test_ai_consulting_enquiries_v30.TestAIConsultingSinglePageBackend" name="test_submit_201_and_persisted_mapping" time="4.717" /><testcase classname="backend.tests.test_ai_consulting_enquiries_v30.TestAIConsultingSinglePageBackend" name="test_required_fields_422[overrides0-fullName]" time="0.202" /><testcase classname="backend.tests.test_ai_consulting_enquiries_v30.TestAIConsultingSinglePageBackend" name="test_required_fields_422[overrides1-workEmail]" time="0.148" /><testcase classname="backend.tests.test_ai_consulting_enquiries_v30.TestAIConsultingSinglePageBackend" name="test_required_fields_422[overrides2-company]" time="0.233" /><testcase classname="backend.tests.test_ai_consulting_enquiries_v30.TestAIConsultingSinglePageBackend" name="test_required_fields_422[overrides3-jobTitle]" time="0.174" /><testcase classname="backend.tests.test_ai_consulting_enquiries_v30.TestAIConsultingSinglePageBackend" name="test_required_fields_422[overrides4-countryCode]" time="0.160" /><testcase classname="backend.tests.test_ai_consulting_enquiries_v30.TestAIConsultingSinglePageBackend" name="test_required_fields_422[overrides5-phone]" time="0.172" /><testcase classname="backend.tests.test_ai_consulting_enquiries_v30.TestAIConsultingSinglePageBackend" name="test_required_fields_422[overrides6-initiativeRole]" time="0.176" /><testcase classname="backend.tests.test_ai_consulting_enquiries_v30.TestAIConsultingSinglePageBackend" name="test_required_fields_422[overrides7-contactPermission]" time="0.162" /><testcase classname="backend.tests.test_ai_consulting_enquiries_v30.TestAIConsultingSinglePageBackend" name="test_other_role_conditional_and_clear_behavior" time="1.454" /><testcase classname="backend.tests.test_ai_consulting_enquiries_v30.TestAIConsultingSinglePageBackend" name="test_services_guidance_exclusive_and_other_requirement_conditional" time="0.318" /><testcase classname="backend.tests.test_ai_consulting_enquiries_v30.TestAIConsultingSinglePageBackend" name="test_budget_type_mismatch_rejected_422" time="0.138" /><testcase classname="backend.tests.test_ai_consulting_enquiries_v30.TestAIConsultingSinglePageBackend" name="test_website_validation_rejects_invalid_urls[www.company.com]" time="0.131" /><testcase classname="backend.tests.test_ai_consulting_enquiries_v30.TestAIConsultingSinglePageBackend" name="test_website_validation_rejects_invalid_urls[javascript:alert(1)]" time="0.183" /><testcase classname="backend.tests.test_ai_consulting_enquiries_v30.TestAIConsultingSinglePageBackend" name="test_unknown_field_rejected_422" time="0.221" /><testcase classname="backend.tests.test_ai_consulting_enquiries_v30.TestAIConsultingSinglePageBackend" name="test_duplicate_email_within_60_seconds_returns_409" time="2.228" /><testcase classname="backend.tests.test_ai_consulting_enquiries_v30.TestAdminAndExports" name="test_admin_list_and_detail_include_new_fields" time="3.682" /><testcase classname="backend.tests.test_ai_consulting_enquiries_v30.TestAdminAndExports" name="test_get_in_touch_export_has_new_columns_and_values" time="1.705" /><testcase classname="backend.tests.test_ai_consulting_enquiries_v30.TestAdminAndExports" name="test_combined_export_includes_ai_consulting_row_and_page_source" time="12.310" /><testcase classname="backend.tests.test_ai_consulting_enquiries_v30.TestLegacyIsolation" name="test_get_in_touch_10_still_accepts_legacy_schema" time="1.825" /><testcase classname="backend.tests.test_ai_consulting_enquiries_v30.TestLegacyIsolation" name="test_project_enquiries_create_without_affecting_existing_records" time="2.251" /></testsuite></testsuites>