<?xml version="1.0" encoding="utf-8"?><testsuites name="pytest tests"><testsuite name="pytest" errors="0" failures="0" skipped="0" tests="2" time="7.656" timestamp="2026-09-21T17:38:58.325378+00:00" hostname="agent-env-8a9ed455-9a1d-47c1-8234-82f0fb6ee970"><testcase classname="backend.tests.test_ai_consulting_ui_records_v32" name="test_admin_list_and_detail_for_ui_created_records" time="5.350" /><testcase classname="backend.tests.test_ai_consulting_ui_records_v32" name="test_admin_export_get_in_touch_contains_ui_created_records" time="2.131" /></testsuite></testsuites>