<?xml version="1.0" encoding="utf-8"?><testsuites name="pytest tests"><testsuite name="pytest" errors="0" failures="0" skipped="0" tests="6" time="10.655" timestamp="2026-09-21T19:19:47.434859+00:00" hostname="agent-env-8a9ed455-9a1d-47c1-8234-82f0fb6ee970"><testcase classname="backend.tests.test_ai_consulting_other_requirement_v34" name="test_other_selected_blank_requirement_rejected_422" time="0.337" /><testcase classname="backend.tests.test_ai_consulting_other_requirement_v34" name="test_other_selected_whitespace_requirement_rejected_422" time="0.148" /><testcase classname="backend.tests.test_ai_consulting_other_requirement_v34" name="test_other_selected_accepts_long_requirement_over_1000_chars" time="4.572" /><testcase classname="backend.tests.test_ai_consulting_other_requirement_v34" name="test_no_other_selected_allows_omitted_requirement_and_persists_empty" time="1.350" /><testcase classname="backend.tests.test_ai_consulting_other_requirement_v34" name="test_no_other_selected_allows_explicit_empty_requirement" time="1.317" /><testcase classname="backend.tests.test_ai_consulting_other_requirement_v34" name="test_legacy_other_requirement_preserved_for_export_compatibility" time="2.788" /></testsuite></testsuites>