<?xml version="1.0" encoding="utf-8"?><testsuites name="pytest tests"><testsuite name="pytest" errors="0" failures="0" skipped="0" tests="7" time="27.993" timestamp="2026-09-22T16:30:29.999800+00:00" hostname="agent-env-8a9ed455-9a1d-47c1-8234-82f0fb6ee970"><testcase classname="backend.tests.test_ai_consulting_submission_guard_iter36" name="test_contact_enquiries_success_and_duplicate_409" time="7.520" /><testcase classname="backend.tests.test_ai_consulting_submission_guard_iter36" name="test_ai_consultation_enquiries_success_and_duplicate_409" time="6.873" /><testcase classname="backend.tests.test_ai_consulting_submission_guard_iter36" name="test_ai_consulting_enquiries_project_budget_success" time="3.531" /><testcase classname="backend.tests.test_ai_consulting_submission_guard_iter36" name="test_ai_consulting_enquiries_monthly_budget_success" time="3.512" /><testcase classname="backend.tests.test_ai_consulting_submission_guard_iter36" name="test_missing_fields_return_4xx_not_500[/contact-enquiries-payload0]" time="2.089" /><testcase classname="backend.tests.test_ai_consulting_submission_guard_iter36" name="test_missing_fields_return_4xx_not_500[/ai-consultation-enquiries-payload1]" time="2.071" /><testcase classname="backend.tests.test_ai_consulting_submission_guard_iter36" name="test_missing_fields_return_4xx_not_500[/ai-consulting-enquiries-payload2]" time="2.287" /></testsuite></testsuites>