<?xml version="1.0" encoding="utf-8"?><testsuites name="pytest tests"><testsuite name="pytest" errors="0" failures="0" skipped="0" tests="21" time="21.400" timestamp="2026-09-21T11:43:55.679250+00:00" hostname="agent-env-8a9ed455-9a1d-47c1-8234-82f0fb6ee970"><testcase classname="backend.tests.test_ai_consultation_enquiries_v11.TestAIConsultationPublic" name="test_post_201_and_field_mapping_roundtrip" time="4.628" /><testcase classname="backend.tests.test_ai_consultation_enquiries_v11.TestAIConsultationPublic" name="test_optional_fields_absent_accepted" time="1.349" /><testcase classname="backend.tests.test_ai_consultation_enquiries_v11.TestAIConsultationPublic" name="test_validation_rejects_invalid_payloads[overrides0]" time="0.161" /><testcase classname="backend.tests.test_ai_consultation_enquiries_v11.TestAIConsultationPublic" name="test_validation_rejects_invalid_payloads[overrides1]" time="0.148" /><testcase classname="backend.tests.test_ai_consultation_enquiries_v11.TestAIConsultationPublic" name="test_validation_rejects_invalid_payloads[overrides2]" time="0.142" /><testcase classname="backend.tests.test_ai_consultation_enquiries_v11.TestAIConsultationPublic" name="test_validation_rejects_invalid_payloads[overrides3]" time="0.144" /><testcase classname="backend.tests.test_ai_consultation_enquiries_v11.TestAIConsultationPublic" name="test_validation_rejects_invalid_payloads[overrides4]" time="0.161" /><testcase classname="backend.tests.test_ai_consultation_enquiries_v11.TestAIConsultationPublic" name="test_validation_rejects_invalid_payloads[overrides5]" time="0.121" /><testcase classname="backend.tests.test_ai_consultation_enquiries_v11.TestAIConsultationPublic" name="test_validation_rejects_invalid_payloads[overrides6]" time="0.131" /><testcase classname="backend.tests.test_ai_consultation_enquiries_v11.TestAIConsultationPublic" name="test_validation_rejects_invalid_payloads[overrides7]" time="0.135" /><testcase classname="backend.tests.test_ai_consultation_enquiries_v11.TestAIConsultationPublic" name="test_validation_missing_required_fields_422" time="0.265" /><testcase classname="backend.tests.test_ai_consultation_enquiries_v11.TestAIConsultationPublic" name="test_unknown_keys_rejected_422" time="0.143" /><testcase classname="backend.tests.test_ai_consultation_enquiries_v11.TestAIConsultationPublic" name="test_duplicate_same_email_within_60s_returns_409" time="1.499" /><testcase classname="backend.tests.test_ai_consultation_enquiries_v11.TestAIConsultationPublic" name="test_public_allowlist_and_method_restrictions" time="0.892" /><testcase classname="backend.tests.test_ai_consultation_enquiries_v11.TestAIConsultationPublic" name="test_existing_contact_and_project_routes_unchanged" time="1.208" /><testcase classname="backend.tests.test_ai_consultation_enquiries_v11.TestAIConsultationAdminAndExports" name="test_admin_list_search_detail_mark_viewed" time="2.560" /><testcase classname="backend.tests.test_ai_consultation_enquiries_v11.TestAIConsultationAdminAndExports" name="test_admin_delete_then_404" time="1.389" /><testcase classname="backend.tests.test_ai_consultation_enquiries_v11.TestAIConsultationAdminAndExports" name="test_admin_export_get_in_touch_contains_new_fields_and_escaped_cells" time="0.972" /><testcase classname="backend.tests.test_ai_consultation_enquiries_v11.TestAIConsultationAdminAndExports" name="test_admin_export_all_contains_consultation_fields" time="3.301" /><testcase classname="backend.tests.test_ai_consultation_enquiries_v11.TestAIConsultationAdminAndExports" name="test_admin_endpoints_protected_unauthenticated" time="0.555" /><testcase classname="backend.tests.test_ai_consultation_enquiries_v11.TestAIConsultationAdminAndExports" name="test_old_legacy_record_shape_still_listable" time="1.344" /></testsuite></testsuites>