<?xml version="1.0" encoding="utf-8"?><testsuites name="pytest tests"><testsuite name="pytest" errors="0" failures="0" skipped="0" tests="21" time="23.567" timestamp="2026-09-21T15:00:18.870336+00:00" hostname="agent-env-8a9ed455-9a1d-47c1-8234-82f0fb6ee970"><testcase classname="backend.tests.test_ai_consulting_enquiries_v29.TestAIConsultingWizardPublic" name="test_submit_201_and_contact_enquiries_mapping" time="5.073" /><testcase classname="backend.tests.test_ai_consulting_enquiries_v29.TestAIConsultingWizardPublic" name="test_required_and_conditional_fields_422[overrides0-otherRequirement]" time="0.193" /><testcase classname="backend.tests.test_ai_consulting_enquiries_v29.TestAIConsultingWizardPublic" name="test_required_and_conditional_fields_422[overrides1-requirement]" time="0.248" /><testcase classname="backend.tests.test_ai_consulting_enquiries_v29.TestAIConsultingWizardPublic" name="test_required_and_conditional_fields_422[overrides2-stage]" time="0.219" /><testcase classname="backend.tests.test_ai_consulting_enquiries_v29.TestAIConsultingWizardPublic" name="test_required_and_conditional_fields_422[overrides3-timeline]" time="0.209" /><testcase classname="backend.tests.test_ai_consulting_enquiries_v29.TestAIConsultingWizardPublic" name="test_required_and_conditional_fields_422[overrides4-budgetType]" time="0.195" /><testcase classname="backend.tests.test_ai_consulting_enquiries_v29.TestAIConsultingWizardPublic" name="test_required_and_conditional_fields_422[overrides5-estimatedBudget]" time="0.197" /><testcase classname="backend.tests.test_ai_consulting_enquiries_v29.TestAIConsultingWizardPublic" name="test_required_and_conditional_fields_422[overrides6-budgetStatus]" time="0.196" /><testcase classname="backend.tests.test_ai_consulting_enquiries_v29.TestAIConsultingWizardPublic" name="test_budget_type_stale_range_rejected_422" time="0.193" /><testcase classname="backend.tests.test_ai_consulting_enquiries_v29.TestAIConsultingWizardPublic" name="test_budget_not_yet_defined_valid_for_both_types[project-Budget not yet defined]" time="1.149" /><testcase classname="backend.tests.test_ai_consulting_enquiries_v29.TestAIConsultingWizardPublic" name="test_budget_not_yet_defined_valid_for_both_types[monthly-Budget not yet defined]" time="1.120" /><testcase classname="backend.tests.test_ai_consulting_enquiries_v29.TestAIConsultingWizardPublic" name="test_phone_privacy_unknown_field_validation[overrides0-phone]" time="0.266" /><testcase classname="backend.tests.test_ai_consulting_enquiries_v29.TestAIConsultingWizardPublic" name="test_phone_privacy_unknown_field_validation[overrides1-privacy]" time="0.167" /><testcase classname="backend.tests.test_ai_consulting_enquiries_v29.TestAIConsultingWizardPublic" name="test_phone_privacy_unknown_field_validation[overrides2-unknownField]" time="0.163" /><testcase classname="backend.tests.test_ai_consulting_enquiries_v29.TestAIConsultingWizardPublic" name="test_duplicate_email_within_60_seconds_returns_409" time="1.768" /><testcase classname="backend.tests.test_ai_consulting_enquiries_v29.TestAIConsultingWizardPublic" name="test_public_post_exact_only_and_non_public_methods_blocked" time="0.340" /><testcase classname="backend.tests.test_ai_consulting_enquiries_v29.TestAdminAndLegacyIntegrity" name="test_admin_list_and_detail_show_wizard_fields" time="3.212" /><testcase classname="backend.tests.test_ai_consulting_enquiries_v29.TestAdminAndLegacyIntegrity" name="test_protected_admin_routes_require_valid_token" time="0.615" /><testcase classname="backend.tests.test_ai_consulting_enquiries_v29.TestAdminAndLegacyIntegrity" name="test_get_in_touch_csv_has_all_wizard_columns_and_values" time="1.829" /><testcase classname="backend.tests.test_ai_consulting_enquiries_v29.TestAdminAndLegacyIntegrity" name="test_all_export_contains_ai_consulting_row_and_wizard_values" time="3.490" /><testcase classname="backend.tests.test_ai_consulting_enquiries_v29.TestAdminAndLegacyIntegrity" name="test_project_enquiries_collection_preserved_and_legacy_public_post_works" time="2.559" /></testsuite></testsuites>