<?xml version="1.0" encoding="utf-8"?><testsuites name="pytest tests"><testsuite name="pytest" errors="0" failures="3" skipped="0" tests="6" time="14.539" timestamp="2026-09-21T18:32:46.556473+00:00" hostname="agent-env-8a9ed455-9a1d-47c1-8234-82f0fb6ee970"><testcase classname="backend.tests.test_ai_consulting_variants_v32.TestAIConsultingVariantsV32" name="test_submit_201_persisted_and_source_unchanged" time="5.262" /><testcase classname="backend.tests.test_ai_consulting_variants_v32.TestAIConsultingVariantsV32" name="test_conditional_validation_and_public_get_block" time="0.692"><failure message="AssertionError: {&quot;message&quot;:&quot;Your AI consulting enquiry has been received.&quot;,&quot;id&quot;:&quot;072277f0-12e5-4e51-9c53-5021af4daeb1&quot;}&#10;assert 201 == 422&#10; +  where 201 = &lt;Response [201]&gt;.status_code">backend/tests/test_ai_consulting_variants_v32.py:147: in test_conditional_validation_and_public_get_block
    assert bad_role.status_code == 422, bad_role.text
E   AssertionError: {"message":"Your AI consulting enquiry has been received.","id":"072277f0-12e5-4e51-9c53-5021af4daeb1"}
E   assert 201 == 422
E    +  where 201 = &lt;Response [201]&gt;.status_code</failure></testcase><testcase classname="backend.tests.test_ai_consulting_variants_v32.TestAIConsultingVariantsV32" name="test_duplicate_email_returns_409" time="1.718" /><testcase classname="backend.tests.test_ai_consulting_variants_v32.TestAIConsultingVariantsV32" name="test_admin_list_detail_and_export_contains_created_record" time="3.575" /><testcase classname="backend.tests.test_ai_consulting_ui_records_v32" name="test_admin_list_and_detail_for_ui_created_records" time="1.106"><failure message="assert None is not None">backend/tests/test_ai_consulting_ui_records_v32.py:100: in test_admin_list_and_detail_for_ui_created_records
    assert row is not None
E   assert None is not None</failure></testcase><testcase classname="backend.tests.test_ai_consulting_ui_records_v32" name="test_admin_export_get_in_touch_contains_ui_created_records" time="2.031"><failure message="assert None is not None">backend/tests/test_ai_consulting_ui_records_v32.py:145: in test_admin_export_get_in_touch_contains_ui_created_records
    assert row is not None
E   assert None is not None</failure></testcase></testsuite></testsuites>