<?xml version="1.0" encoding="utf-8"?><testsuites name="pytest tests"><testsuite name="pytest" errors="0" failures="1" skipped="0" tests="6" time="4.676" timestamp="2026-09-18T13:54:25.013005+00:00" hostname="agent-env-8a9ed455-9a1d-47c1-8234-82f0fb6ee970"><testcase classname="backend.tests.test_contact_enquiries.TestContactEnquiries" name="test_valid_submission_returns_200_with_id" time="2.784" /><testcase classname="backend.tests.test_contact_enquiries.TestContactEnquiries" name="test_duplicate_within_1_minute_returns_409" time="1.045" /><testcase classname="backend.tests.test_contact_enquiries.TestContactEnquiries" name="test_whitespace_only_first_name_returns_422" time="0.195" /><testcase classname="backend.tests.test_contact_enquiries.TestContactEnquiries" name="test_invalid_email_returns_422" time="0.226" /><testcase classname="backend.tests.test_contact_enquiries.TestContactEnquiries" name="test_message_over_1500_returns_422" time="0.212"><failure message="AssertionError: {&quot;detail&quot;:&quot;Rate limit exceeded. Please slow down.&quot;}&#10;assert 429 == 422&#10; +  where 429 = &lt;Response [429]&gt;.status_code">backend/tests/test_contact_enquiries.py:56: in test_message_over_1500_returns_422
    assert r.status_code == 422, r.text
E   AssertionError: {"detail":"Rate limit exceeded. Please slow down."}
E   assert 429 == 422
E    +  where 429 = &lt;Response [429]&gt;.status_code</failure></testcase><testcase classname="backend.tests.test_contact_enquiries.TestContactEnquiries" name="test_get_not_allowed" time="0.140" /></testsuite></testsuites>