<?xml version="1.0" encoding="utf-8"?><testsuites name="pytest tests"><testsuite name="pytest" errors="3" failures="0" skipped="0" tests="22" time="199.613" timestamp="2026-09-18T14:50:01.982205+00:00" hostname="agent-env-8a9ed455-9a1d-47c1-8234-82f0fb6ee970"><testcase classname="backend.tests.test_get_in_touch_full.TestContactEnquiriesPublic" name="test_valid_submission_persistence_snake_case" time="2.273" /><testcase classname="backend.tests.test_get_in_touch_full.TestContactEnquiriesPublic" name="test_trims_whitespace" time="0.868" /><testcase classname="backend.tests.test_get_in_touch_full.TestContactEnquiriesPublic" name="test_whitespace_only_first_name_422" time="15.245" /><testcase classname="backend.tests.test_get_in_touch_full.TestContactEnquiriesPublic" name="test_whitespace_only_last_name_422" time="15.238" /><testcase classname="backend.tests.test_get_in_touch_full.TestContactEnquiriesPublic" name="test_whitespace_only_role_422" time="15.198" /><testcase classname="backend.tests.test_get_in_touch_full.TestContactEnquiriesPublic" name="test_missing_role_422" time="15.298" /><testcase classname="backend.tests.test_get_in_touch_full.TestContactEnquiriesPublic" name="test_invalid_email_422" time="34.605" /><testcase classname="backend.tests.test_get_in_touch_full.TestContactEnquiriesPublic" name="test_message_1001_chars_422" time="15.246" /><testcase classname="backend.tests.test_get_in_touch_full.TestContactEnquiriesPublic" name="test_message_exactly_1000_chars_200" time="15.787" /><testcase classname="backend.tests.test_get_in_touch_full.TestContactEnquiriesPublic" name="test_duplicate_within_1_minute_409" time="16.139" /><testcase classname="backend.tests.test_get_in_touch_full.TestAdminGetInTouch" name="test_unauthenticated_list_rejected" time="0.188" /><testcase classname="backend.tests.test_get_in_touch_full.TestAdminGetInTouch" name="test_unauthenticated_detail_rejected" time="0.164" /><testcase classname="backend.tests.test_get_in_touch_full.TestAdminGetInTouch" name="test_unauthenticated_delete_rejected" time="0.157" /><testcase classname="backend.tests.test_get_in_touch_full.TestAdminGetInTouch" name="test_unauthenticated_export_rejected" time="0.158" /><testcase classname="backend.tests.test_get_in_touch_full.TestAdminGetInTouch" name="test_list_paginated" time="6.645"><error message="failed on setup with &quot;AssertionError: {&quot;detail&quot;:&quot;Rate limit exceeded. Please slow down.&quot;}&#10;assert 429 == 200&#10; +  where 429 = &lt;Response [429]&gt;.status_code&quot;">backend/tests/test_get_in_touch_full.py:168: in seed_enquiry
    assert r.status_code == 200, r.text
E   AssertionError: {"detail":"Rate limit exceeded. Please slow down."}
E   assert 429 == 200
E    +  where 429 = &lt;Response [429]&gt;.status_code</error></testcase><testcase classname="backend.tests.test_get_in_touch_full.TestAdminGetInTouch" name="test_search_filter" time="0.000"><error message="failed on setup with &quot;AssertionError: {&quot;detail&quot;:&quot;Rate limit exceeded. Please slow down.&quot;}&#10;assert 429 == 200&#10; +  where 429 = &lt;Response [429]&gt;.status_code&quot;">backend/tests/test_get_in_touch_full.py:168: in seed_enquiry
    assert r.status_code == 200, r.text
E   AssertionError: {"detail":"Rate limit exceeded. Please slow down."}
E   assert 429 == 200
E    +  where 429 = &lt;Response [429]&gt;.status_code</error></testcase><testcase classname="backend.tests.test_get_in_touch_full.TestAdminGetInTouch" name="test_detail_marks_viewed" time="0.000"><error message="failed on setup with &quot;AssertionError: {&quot;detail&quot;:&quot;Rate limit exceeded. Please slow down.&quot;}&#10;assert 429 == 200&#10; +  where 429 = &lt;Response [429]&gt;.status_code&quot;">backend/tests/test_get_in_touch_full.py:168: in seed_enquiry
    assert r.status_code == 200, r.text
E   AssertionError: {"detail":"Rate limit exceeded. Please slow down."}
E   assert 429 == 200
E    +  where 429 = &lt;Response [429]&gt;.status_code</error></testcase><testcase classname="backend.tests.test_get_in_touch_full.TestAdminGetInTouch" name="test_export_csv" time="0.473" /><testcase classname="backend.tests.test_get_in_touch_full.TestAdminGetInTouch" name="test_dashboard_stats_includes_git" time="2.105" /><testcase classname="backend.tests.test_get_in_touch_full.TestAdminGetInTouch" name="test_delete_then_second_delete_404" time="21.556" /><testcase classname="backend.tests.test_get_in_touch_full.TestContactPageRegression" name="test_contacts_submit_still_works" time="20.830" /><testcase classname="backend.tests.test_get_in_touch_full.TestContactPageRegression" name="test_admin_submissions_contact_still_works" time="1.120" /></testsuite></testsuites>