<?xml version="1.0" encoding="utf-8"?><testsuites name="pytest tests"><testsuite name="pytest" errors="0" failures="0" skipped="0" tests="7" time="3.220" timestamp="2026-08-07T09:30:10.638189+00:00" hostname="agent-env-510abfcc-5873-4930-a374-702431cafe43"><testcase classname="backend.tests.test_git_hygiene_smoke" name="test_api_root_health" time="0.115" /><testcase classname="backend.tests.test_git_hygiene_smoke" name="test_api_health" time="0.098" /><testcase classname="backend.tests.test_git_hygiene_smoke" name="test_contact_submit_footer_form" time="2.368" /><testcase classname="backend.tests.test_git_hygiene_smoke" name="test_contact_submit_invalid_email" time="0.103" /><testcase classname="backend.tests.test_git_hygiene_smoke" name="test_job_application_submit_valid" time="0.337" /><testcase classname="backend.tests.test_git_hygiene_smoke" name="test_job_application_submit_invalid" time="0.129" /><testcase classname="backend.tests.test_git_hygiene_smoke" name="test_no_hardcoded_resend_key_in_tracked_files" time="0.019" /></testsuite></testsuites>