<?xml version="1.0" encoding="utf-8"?><testsuites name="pytest tests"><testsuite name="pytest" errors="0" failures="0" skipped="0" tests="22" time="197.386" timestamp="2026-09-18T15:04:22.826634+00:00" hostname="agent-env-8a9ed455-9a1d-47c1-8234-82f0fb6ee970"><testcase classname="backend.tests.test_get_in_touch_full.TestContactEnquiriesPublic" name="test_valid_submission_persistence_snake_case" time="2.332" /><testcase classname="backend.tests.test_get_in_touch_full.TestContactEnquiriesPublic" name="test_trims_whitespace" time="0.890" /><testcase classname="backend.tests.test_get_in_touch_full.TestContactEnquiriesPublic" name="test_whitespace_only_first_name_422" time="15.200" /><testcase classname="backend.tests.test_get_in_touch_full.TestContactEnquiriesPublic" name="test_whitespace_only_last_name_422" time="15.313" /><testcase classname="backend.tests.test_get_in_touch_full.TestContactEnquiriesPublic" name="test_whitespace_only_role_422" time="15.191" /><testcase classname="backend.tests.test_get_in_touch_full.TestContactEnquiriesPublic" name="test_missing_role_422" time="15.369" /><testcase classname="backend.tests.test_get_in_touch_full.TestContactEnquiriesPublic" name="test_invalid_email_422" time="15.268" /><testcase classname="backend.tests.test_get_in_touch_full.TestContactEnquiriesPublic" name="test_message_1001_chars_422" time="15.298" /><testcase classname="backend.tests.test_get_in_touch_full.TestContactEnquiriesPublic" name="test_message_exactly_1000_chars_200" time="15.733" /><testcase classname="backend.tests.test_get_in_touch_full.TestContactEnquiriesPublic" name="test_duplicate_within_1_minute_409" time="16.215" /><testcase classname="backend.tests.test_get_in_touch_full.TestAdminGetInTouch" name="test_unauthenticated_list_rejected" time="0.166" /><testcase classname="backend.tests.test_get_in_touch_full.TestAdminGetInTouch" name="test_unauthenticated_detail_rejected" time="0.174" /><testcase classname="backend.tests.test_get_in_touch_full.TestAdminGetInTouch" name="test_unauthenticated_delete_rejected" time="0.154" /><testcase classname="backend.tests.test_get_in_touch_full.TestAdminGetInTouch" name="test_unauthenticated_export_rejected" time="0.156" /><testcase classname="backend.tests.test_get_in_touch_full.TestAdminGetInTouch" name="test_list_paginated" time="21.747" /><testcase classname="backend.tests.test_get_in_touch_full.TestAdminGetInTouch" name="test_search_filter" time="0.666" /><testcase classname="backend.tests.test_get_in_touch_full.TestAdminGetInTouch" name="test_detail_marks_viewed" time="0.894" /><testcase classname="backend.tests.test_get_in_touch_full.TestAdminGetInTouch" name="test_export_csv" time="0.468" /><testcase classname="backend.tests.test_get_in_touch_full.TestAdminGetInTouch" name="test_dashboard_stats_includes_git" time="2.221" /><testcase classname="backend.tests.test_get_in_touch_full.TestAdminGetInTouch" name="test_delete_then_second_delete_404" time="21.721" /><testcase classname="backend.tests.test_get_in_touch_full.TestContactPageRegression" name="test_contacts_submit_still_works" time="20.821" /><testcase classname="backend.tests.test_get_in_touch_full.TestContactPageRegression" name="test_admin_submissions_contact_still_works" time="1.134" /></testsuite></testsuites>