<?xml version="1.0" encoding="utf-8"?><testsuites name="pytest tests"><testsuite name="pytest" errors="0" failures="1" skipped="0" tests="3" time="12.194" timestamp="2026-09-22T16:52:05.292739+00:00" hostname="agent-env-8a9ed455-9a1d-47c1-8234-82f0fb6ee970"><testcase classname="backend.tests.test_admin_auth_iter36" name="test_admin_auth_cookie_session_and_logout" time="2.467"><failure message="AssertionError: assert 'samesite=strict' in '__host-bb-admin=8x3pdytn5rjua6umhf1oiwafelin0qvsnmp5_rmjupwtowc_oiyrywprhvkqajgz; httponly; max-age=28800; path=/; secure; samesite=none; partitioned'">backend/tests/test_admin_auth_iter36.py:60: in test_admin_auth_cookie_session_and_logout
    assert "samesite=strict" in set_cookie
E   AssertionError: assert 'samesite=strict' in '__host-bb-admin=8x3pdytn5rjua6umhf1oiwafelin0qvsnmp5_rmjupwtowc_oiyrywprhvkqajgz; httponly; max-age=28800; path=/; secure; samesite=none; partitioned'</failure></testcase><testcase classname="backend.tests.test_admin_auth_iter36" name="test_admin_password_hash_uses_bcrypt_2b" time="2.447" /><testcase classname="backend.tests.test_ai_consulting_base_submit_iter36" name="test_base_submit_persists_once_and_duplicate_409" time="7.153" /></testsuite></testsuites>