<?xml version="1.0" encoding="utf-8"?><testsuites name="pytest tests"><testsuite name="pytest" errors="0" failures="6" skipped="0" tests="12" time="10.151" timestamp="2026-09-24T10:39:39.426096+00:00" hostname="agent-env-8a9ed455-9a1d-47c1-8234-82f0fb6ee970"><testcase classname="backend.tests.test_publish_routes_consulting_iter39" name="test_public_inventory_routes_return_200_not_home_fallback" time="0.525"><failure message="AssertionError: /careers/job/data-science-ai-ml-engineer appears to render home fallback content&#10;assert '&lt;h1&gt;Beyond ...Horizon&lt;/h1&gt;' not in '&lt;!doctype h...body&gt;&lt;/html&gt;'&#10;  &#10;  '&lt;h1&gt;Beyond the Horizon&lt;/h1&gt;' is contained here:&#10;    &lt;!doctype html&gt;&lt;html lang=&quot;en&quot;&gt;&lt;head&gt;&#10;    &lt;script nonce=&quot;B7I6j4LI50qPl+N1iMzexSp6QiDRxuak&quot; data-testid=&quot;admin-document-boundary&quot;&gt;(function () {&#10;      if (window.__bbAdminDocumentBoundary) return;&#10;      window.__bbAdminDocumentBoundary = true;&#10;      function isAdmin(pathname) {...&#10;  &#10;  ...Full output truncated (136 lines hidden), use '-vv' to show">backend/tests/test_publish_routes_consulting_iter39.py:126: in test_public_inventory_routes_return_200_not_home_fallback
    assert home_marker not in response.text, f"{path} appears to render home fallback content"
E   AssertionError: /careers/job/data-science-ai-ml-engineer appears to render home fallback content
E   assert '&lt;h1&gt;Beyond ...Horizon&lt;/h1&gt;' not in '&lt;!doctype h...body&gt;&lt;/html&gt;'
E     
E     '&lt;h1&gt;Beyond the Horizon&lt;/h1&gt;' is contained here:
E       &lt;!doctype html&gt;&lt;html lang="en"&gt;&lt;head&gt;
E       &lt;script nonce="B7I6j4LI50qPl+N1iMzexSp6QiDRxuak" data-testid="admin-document-boundary"&gt;(function () {
E         if (window.__bbAdminDocumentBoundary) return;
E         window.__bbAdminDocumentBoundary = true;
E         function isAdmin(pathname) {...
E     
E     ...Full output truncated (136 lines hidden), use '-vv' to show</failure></testcase><testcase classname="backend.tests.test_publish_routes_consulting_iter39" name="test_admin_catalog_routes_accessible_html" time="0.499" /><testcase classname="backend.tests.test_publish_routes_consulting_iter39" name="test_consulting_route_and_ai_consulting_redirect_with_query" time="0.243" /><testcase classname="backend.tests.test_publish_routes_consulting_iter39" name="test_excluded_and_unknown_routes_are_404_with_noindex" time="1.718" /><testcase classname="backend.tests.test_publish_routes_consulting_iter39" name="test_sitemap_has_exact_46_public_urls_and_expected_exclusions" time="0.059" /><testcase classname="backend.tests.test_publish_routes_consulting_iter39" name="test_robots_disallow_admin_and_reference_sitemap" time="0.059" /><testcase classname="backend.tests.test_publish_routes_consulting_iter39" name="test_google_tag_present_once_on_public_and_absent_on_admin" time="0.061"><failure message="AssertionError: assert ''">backend/tests/test_publish_routes_consulting_iter39.py:235: in test_google_tag_present_once_on_public_and_absent_on_admin
    assert head
E   AssertionError: assert ''</failure></testcase><testcase classname="backend.tests.test_publish_routes_consulting_iter39" name="test_boundary_script_precedes_google_script_in_public_head" time="0.059"><failure message="assert -1 != -1">backend/tests/test_publish_routes_consulting_iter39.py:257: in test_boundary_script_precedes_google_script_in_public_head
    assert boundary_idx != -1
E   assert -1 != -1</failure></testcase><testcase classname="backend.tests.test_publish_routes_consulting_iter39" name="test_csp_public_vs_admin_google_scope" time="0.125"><failure message="assert 'unsafe-inline' not in &quot;default-src...'self' blob:&quot;&#10;  &#10;  'unsafe-inline' is contained here:&#10;  ?                                                                                                                                                                                                                                                    ^&#10;    default-src 'self'; script-src 'self' 'nonce-+aaJAGvcHXNzq4sKeGfIb6aoUuCZ9NHX' https://assets.emergent.sh https://static.getclicky.com https://us-assets.i.posthog.com https://www.googletagmanager.com; script-src-attr 'none'; style-src 'self' 'unsafe-inline' https://fonts.googleapis.com; font-src 'self' dat...&#10;  &#10;  ...Full output truncated (2 lines hidden), use '-vv' to show">backend/tests/test_publish_routes_consulting_iter39.py:277: in test_csp_public_vs_admin_google_scope
    assert "unsafe-inline" not in public_csp
E   assert 'unsafe-inline' not in "default-src...'self' blob:"
E     
E     'unsafe-inline' is contained here:
E     ?                                                                                                                                                                                                                                                    ^
E       default-src 'self'; script-src 'self' 'nonce-+aaJAGvcHXNzq4sKeGfIb6aoUuCZ9NHX' https://assets.emergent.sh https://static.getclicky.com https://us-assets.i.posthog.com https://www.googletagmanager.com; script-src-attr 'none'; style-src 'self' 'unsafe-inline' https://fonts.googleapis.com; font-src 'self' dat...
E     
E     ...Full output truncated (2 lines hidden), use '-vv' to show</failure></testcase><testcase classname="backend.tests.test_publish_routes_consulting_iter39" name="test_consulting_form_real_submit_persists_source_and_admin_detail" time="2.079"><failure message="AssertionError: {&quot;detail&quot;:[{&quot;loc&quot;:[&quot;body&quot;,&quot;budgetStatus&quot;],&quot;msg&quot;:&quot;Input should be 'Budget approved and available', 'Budget proposed — approval pending', 'Need a scoped proposal to secure approval', 'No budget available currently' or 'I do not know the budget status yet'&quot;,&quot;type&quot;:&quot;literal_error&quot;}]}&#10;assert 422 == 201&#10; +  where 422 = &lt;Response [422]&gt;.status_code">backend/tests/test_publish_routes_consulting_iter39.py:319: in test_consulting_form_real_submit_persists_source_and_admin_detail
    assert created.status_code == 201, created.text
E   AssertionError: {"detail":[{"loc":["body","budgetStatus"],"msg":"Input should be 'Budget approved and available', 'Budget proposed — approval pending', 'Need a scoped proposal to secure approval', 'No budget available currently' or 'I do not know the budget status yet'","type":"literal_error"}]}
E   assert 422 == 201
E    +  where 422 = &lt;Response [422]&gt;.status_code</failure></testcase><testcase classname="backend.tests.test_admin_auth_iter36" name="test_admin_auth_cookie_session_and_logout" time="2.114"><failure message="AssertionError: assert 'samesite=strict' in '__host-bb-admin=hgvd34ni3e_kfrlu-hcupsjtpiz0q1zo_pb5aasquwcx2j5usysbm1qge14pbxxl; httponly; max-age=28800; path=/; secure; samesite=none; partitioned'">backend/tests/test_admin_auth_iter36.py:60: in test_admin_auth_cookie_session_and_logout
    assert "samesite=strict" in set_cookie
E   AssertionError: assert 'samesite=strict' in '__host-bb-admin=hgvd34ni3e_kfrlu-hcupsjtpiz0q1zo_pb5aasquwcx2j5usysbm1qge14pbxxl; httponly; max-age=28800; path=/; secure; samesite=none; partitioned'</failure></testcase><testcase classname="backend.tests.test_admin_auth_iter36" name="test_admin_password_hash_uses_bcrypt_2b" time="2.431" /></testsuite></testsuites>