<?xml version="1.0" encoding="utf-8"?><testsuites name="pytest tests"><testsuite name="pytest" errors="0" failures="0" skipped="0" tests="18" time="25.471" timestamp="2026-09-22T10:45:40.562874+00:00" hostname="agent-env-8a9ed455-9a1d-47c1-8234-82f0fb6ee970"><testcase classname="backend.tests.test_ai_consulting_variant4_service_requirements_v35" name="test_variant4_missing_service_requirements_returns_422_json" time="0.216" /><testcase classname="backend.tests.test_ai_consulting_variant4_service_requirements_v35" name="test_variant4_empty_selected_requirement_returns_422_with_field_loc" time="0.117" /><testcase classname="backend.tests.test_ai_consulting_variant4_service_requirements_v35" name="test_variant4_whitespace_selected_requirement_returns_422_with_field_loc" time="0.195" /><testcase classname="backend.tests.test_ai_consulting_variant4_service_requirements_v35" name="test_variant4_unknown_or_unselected_map_key_rejected_422" time="0.154" /><testcase classname="backend.tests.test_ai_consulting_variant4_service_requirements_v35" name="test_variant4_gpu_service_requires_display_key_not_canonical_name" time="0.125" /><testcase classname="backend.tests.test_ai_consulting_variant4_service_requirements_v35" name="test_variant4_value_over_5000_rejected_422_and_json_not_500" time="0.170" /><testcase classname="backend.tests.test_ai_consulting_variant4_service_requirements_v35" name="test_variant4_non_string_or_null_values_rejected_422" time="0.134" /><testcase classname="backend.tests.test_ai_consulting_variant4_service_requirements_v35" name="test_variant4_all_9_services_valid_and_persisted" time="4.465" /><testcase classname="backend.tests.test_ai_consulting_variant4_service_requirements_v35" name="test_legacy_with_other_and_requirement_still_works" time="1.283" /><testcase classname="backend.tests.test_ai_consulting_variant4_service_requirements_v35" name="test_legacy_non_other_blank_requirement_still_works" time="1.499" /><testcase classname="backend.tests.test_ai_consulting_variant4_admin_export_v35" name="test_admin_detail_and_csv_include_service_requirements_json" time="7.508" /><testcase classname="backend.tests.test_ai_consulting_variant5_service_requirements_v35" name="test_variant5_missing_service_requirements_rejected_422" time="0.118" /><testcase classname="backend.tests.test_ai_consulting_variant5_service_requirements_v35" name="test_variant5_whitespace_selected_requirement_rejected_422_and_field_loc" time="0.172" /><testcase classname="backend.tests.test_ai_consulting_variant5_service_requirements_v35" name="test_variant5_missing_selected_entry_rejected_422" time="0.146" /><testcase classname="backend.tests.test_ai_consulting_variant5_service_requirements_v35" name="test_variant5_unselected_and_unknown_keys_rejected_422" time="0.145" /><testcase classname="backend.tests.test_ai_consulting_variant5_service_requirements_v35" name="test_variant5_value_over_5000_rejected_422" time="0.119" /><testcase classname="backend.tests.test_ai_consulting_variant5_service_requirements_v35" name="test_variant5_valid_selected_services_persist_and_export" time="7.236" /><testcase classname="backend.tests.test_ai_consulting_variant5_service_requirements_v35" name="test_variant4_path_unchanged_still_accepts_per_service_map" time="1.533" /></testsuite></testsuites>