<?xml version="1.0" encoding="utf-8"?><testsuites name="pytest tests"><testsuite name="pytest" errors="0" failures="1" skipped="0" tests="5" time="1.155" timestamp="2026-09-24T10:22:33.705343+00:00" hostname="agent-env-8a9ed455-9a1d-47c1-8234-82f0fb6ee970"><testcase classname="backend.tests.test_google_ads_public_admin_headers_iter38" name="test_public_root_has_exact_google_tag_once_and_nonce" time="0.168" /><testcase classname="backend.tests.test_google_ads_public_admin_headers_iter38" name="test_public_route_variants_and_index_redirect" time="0.308" /><testcase classname="backend.tests.test_google_ads_public_admin_headers_iter38" name="test_admin_paths_have_no_google_loader_or_config" time="0.422" /><testcase classname="backend.tests.test_google_ads_public_admin_headers_iter38" name="test_csp_public_vs_admin_scope_and_security_directives" time="0.127" /><testcase classname="backend.tests.test_google_ads_public_admin_headers_iter38" name="test_malformed_path_returns_400_not_500" time="0.060"><failure message="assert 200 == 400&#10; +  where 200 = &lt;Response [200]&gt;.status_code">backend/tests/test_google_ads_public_admin_headers_iter38.py:153: in test_malformed_path_returns_400_not_500
    assert res.status_code == 400
E   assert 200 == 400
E    +  where 200 = &lt;Response [200]&gt;.status_code</failure></testcase></testsuite></testsuites>