<?xml version="1.0" encoding="utf-8"?><testsuites name="pytest tests"><testsuite name="pytest" errors="0" failures="1" skipped="0" tests="13" time="41.116" timestamp="2026-09-24T10:46:13.742841+00:00" hostname="agent-env-8a9ed455-9a1d-47c1-8234-82f0fb6ee970"><testcase classname="backend.tests.test_publish_routes_consulting_iter39" name="test_admin_cookie_http_only_and_secure_flags" time="3.410" /><testcase classname="backend.tests.test_publish_routes_consulting_iter39" name="test_admin_password_hash_uses_bcrypt_2b" time="2.208" /><testcase classname="backend.tests.test_publish_routes_consulting_iter39" name="test_cors_preflight_uses_credentials_with_explicit_origin" time="0.156" /><testcase classname="backend.tests.test_publish_routes_consulting_iter39" name="test_public_inventory_routes_return_200_not_home_fallback" time="0.325"><failure message="AssertionError: /careers/job/data-science-ai-ml-engineer appears to render home fallback content&#10;assert '&lt;h1&gt;Beyond ...Horizon&lt;/h1&gt;' not in '&lt;!doctype h...body&gt;&lt;/html&gt;'&#10;  &#10;  '&lt;h1&gt;Beyond the Horizon&lt;/h1&gt;' is contained here:&#10;    &lt;!doctype html&gt;&lt;html lang=&quot;en&quot;&gt;&lt;head&gt;&#10;    &lt;script nonce=&quot;GK8CP8On7hC72SIed4yCOm57aTwLIJ3w&quot; data-testid=&quot;admin-document-boundary&quot;&gt;(function () {&#10;      if (window.__bbAdminDocumentBoundary) return;&#10;      window.__bbAdminDocumentBoundary = true;&#10;      function isAdmin(pathname) {...&#10;  &#10;  ...Full output truncated (136 lines hidden), use '-vv' to show">backend/tests/test_publish_routes_consulting_iter39.py:208: in test_public_inventory_routes_return_200_not_home_fallback
    assert home_marker not in response.text, f"{path} appears to render home fallback content"
E   AssertionError: /careers/job/data-science-ai-ml-engineer appears to render home fallback content
E   assert '&lt;h1&gt;Beyond ...Horizon&lt;/h1&gt;' not in '&lt;!doctype h...body&gt;&lt;/html&gt;'
E     
E     '&lt;h1&gt;Beyond the Horizon&lt;/h1&gt;' is contained here:
E       &lt;!doctype html&gt;&lt;html lang="en"&gt;&lt;head&gt;
E       &lt;script nonce="GK8CP8On7hC72SIed4yCOm57aTwLIJ3w" data-testid="admin-document-boundary"&gt;(function () {
E         if (window.__bbAdminDocumentBoundary) return;
E         window.__bbAdminDocumentBoundary = true;
E         function isAdmin(pathname) {...
E     
E     ...Full output truncated (136 lines hidden), use '-vv' to show</failure></testcase><testcase classname="backend.tests.test_publish_routes_consulting_iter39" name="test_admin_catalog_routes_accessible_html" time="0.517" /><testcase classname="backend.tests.test_publish_routes_consulting_iter39" name="test_consulting_route_and_ai_consulting_redirect_with_query" time="0.256" /><testcase classname="backend.tests.test_publish_routes_consulting_iter39" name="test_excluded_and_unknown_routes_are_404_with_noindex" time="1.888" /><testcase classname="backend.tests.test_publish_routes_consulting_iter39" name="test_sitemap_has_exact_46_public_urls_and_expected_exclusions" time="0.061" /><testcase classname="backend.tests.test_publish_routes_consulting_iter39" name="test_robots_disallow_admin_and_reference_sitemap" time="0.064" /><testcase classname="backend.tests.test_publish_routes_consulting_iter39" name="test_google_tag_present_once_on_public_and_absent_on_admin" time="22.391" /><testcase classname="backend.tests.test_publish_routes_consulting_iter39" name="test_boundary_script_precedes_google_script_in_public_head" time="0.062" /><testcase classname="backend.tests.test_publish_routes_consulting_iter39" name="test_csp_public_vs_admin_google_scope" time="0.130" /><testcase classname="backend.tests.test_publish_routes_consulting_iter39" name="test_consulting_form_real_submit_persists_source_and_admin_detail" time="9.486" /></testsuite></testsuites>