<?xml version="1.0" encoding="utf-8"?><testsuites name="pytest tests"><testsuite name="pytest" errors="0" failures="3" skipped="0" tests="28" time="215.077" timestamp="2026-09-18T15:10:14.368124+00:00" hostname="agent-env-8a9ed455-9a1d-47c1-8234-82f0fb6ee970"><testcase classname="backend.tests.test_get_in_touch_full.TestContactEnquiriesPublic" name="test_valid_submission_persistence_snake_case" time="2.286" /><testcase classname="backend.tests.test_get_in_touch_full.TestContactEnquiriesPublic" name="test_trims_whitespace" time="0.899" /><testcase classname="backend.tests.test_get_in_touch_full.TestContactEnquiriesPublic" name="test_whitespace_only_first_name_422" time="15.267" /><testcase classname="backend.tests.test_get_in_touch_full.TestContactEnquiriesPublic" name="test_whitespace_only_last_name_422" time="15.261" /><testcase classname="backend.tests.test_get_in_touch_full.TestContactEnquiriesPublic" name="test_whitespace_only_role_422" time="15.192" /><testcase classname="backend.tests.test_get_in_touch_full.TestContactEnquiriesPublic" name="test_missing_role_422" time="15.305" /><testcase classname="backend.tests.test_get_in_touch_full.TestContactEnquiriesPublic" name="test_invalid_email_422" time="15.267" /><testcase classname="backend.tests.test_get_in_touch_full.TestContactEnquiriesPublic" name="test_message_1001_chars_422" time="15.251" /><testcase classname="backend.tests.test_get_in_touch_full.TestContactEnquiriesPublic" name="test_message_exactly_1000_chars_200" time="15.678" /><testcase classname="backend.tests.test_get_in_touch_full.TestContactEnquiriesPublic" name="test_duplicate_within_1_minute_409" time="16.207" /><testcase classname="backend.tests.test_get_in_touch_full.TestAdminGetInTouch" name="test_unauthenticated_list_rejected" time="0.150" /><testcase classname="backend.tests.test_get_in_touch_full.TestAdminGetInTouch" name="test_unauthenticated_detail_rejected" time="0.136" /><testcase classname="backend.tests.test_get_in_touch_full.TestAdminGetInTouch" name="test_unauthenticated_delete_rejected" time="0.160" /><testcase classname="backend.tests.test_get_in_touch_full.TestAdminGetInTouch" name="test_unauthenticated_export_rejected" time="0.160" /><testcase classname="backend.tests.test_get_in_touch_full.TestAdminGetInTouch" name="test_list_paginated" time="21.749" /><testcase classname="backend.tests.test_get_in_touch_full.TestAdminGetInTouch" name="test_search_filter" time="0.615" /><testcase classname="backend.tests.test_get_in_touch_full.TestAdminGetInTouch" name="test_detail_marks_viewed" time="0.873" /><testcase classname="backend.tests.test_get_in_touch_full.TestAdminGetInTouch" name="test_export_csv" time="0.404" /><testcase classname="backend.tests.test_get_in_touch_full.TestAdminGetInTouch" name="test_dashboard_stats_includes_git" time="2.071" /><testcase classname="backend.tests.test_get_in_touch_full.TestAdminGetInTouch" name="test_delete_then_second_delete_404" time="21.565" /><testcase classname="backend.tests.test_get_in_touch_full.TestContactPageRegression" name="test_contacts_submit_still_works" time="20.736" /><testcase classname="backend.tests.test_get_in_touch_full.TestContactPageRegression" name="test_admin_submissions_contact_still_works" time="1.120" /><testcase classname="backend.tests.test_contact_enquiries.TestContactEnquiries" name="test_valid_submission_returns_200_with_id" time="0.674" /><testcase classname="backend.tests.test_contact_enquiries.TestContactEnquiries" name="test_duplicate_within_1_minute_returns_409" time="2.063"><failure message="AssertionError: {&quot;detail&quot;:&quot;Rate limit exceeded. Please slow down.&quot;}&#10;assert 429 == 409&#10; +  where 429 = &lt;Response [429]&gt;.status_code">backend/tests/test_contact_enquiries.py:41: in test_duplicate_within_1_minute_returns_409
    assert r2.status_code == 409, r2.text
E   AssertionError: {"detail":"Rate limit exceeded. Please slow down."}
E   assert 429 == 409
E    +  where 429 = &lt;Response [429]&gt;.status_code</failure></testcase><testcase classname="backend.tests.test_contact_enquiries.TestContactEnquiries" name="test_whitespace_only_first_name_returns_422" time="0.131"><failure message="AssertionError: {&quot;detail&quot;:&quot;Rate limit exceeded. Please slow down.&quot;}&#10;assert 429 == 422&#10; +  where 429 = &lt;Response [429]&gt;.status_code">backend/tests/test_contact_enquiries.py:45: in test_whitespace_only_first_name_returns_422
    assert r.status_code == 422, r.text
E   AssertionError: {"detail":"Rate limit exceeded. Please slow down."}
E   assert 429 == 422
E    +  where 429 = &lt;Response [429]&gt;.status_code</failure></testcase><testcase classname="backend.tests.test_contact_enquiries.TestContactEnquiries" name="test_invalid_email_returns_422" time="0.160"><failure message="AssertionError: {&quot;detail&quot;:&quot;Rate limit exceeded. Please slow down.&quot;}&#10;assert 429 == 422&#10; +  where 429 = &lt;Response [429]&gt;.status_code">backend/tests/test_contact_enquiries.py:49: in test_invalid_email_returns_422
    assert r.status_code == 422, r.text
E   AssertionError: {"detail":"Rate limit exceeded. Please slow down."}
E   assert 429 == 422
E    +  where 429 = &lt;Response [429]&gt;.status_code</failure></testcase><testcase classname="backend.tests.test_contact_enquiries.TestContactEnquiries" name="test_message_over_1000_returns_422" time="15.220" /><testcase classname="backend.tests.test_contact_enquiries.TestContactEnquiries" name="test_get_not_allowed" time="0.204" /></testsuite></testsuites>