<?xml version="1.0" encoding="utf-8"?><testsuites name="pytest tests"><testsuite name="pytest" errors="0" failures="0" skipped="0" tests="12" time="4.437" timestamp="2026-09-24T12:59:40.775530+00:00" hostname="agent-env-8a9ed455-9a1d-47c1-8234-82f0fb6ee970"><testcase classname="backend.tests.test_api_proxy_iter40" name="test_local_proxy_form_context_sets_cookie_and_json" time="0.611" /><testcase classname="backend.tests.test_api_proxy_iter40" name="test_local_proxy_api_root_and_api_slash_are_handled_as_api" time="0.244" /><testcase classname="backend.tests.test_api_proxy_iter40" name="test_local_proxy_valid_cookie_and_form_token_empty_body_is_422" time="1.834" /><testcase classname="backend.tests.test_api_proxy_iter40" name="test_local_proxy_cross_site_rejected_403" time="0.241" /><testcase classname="backend.tests.test_api_proxy_iter40" name="test_local_proxy_missing_form_proof_rejected_403" time="0.970" /><testcase classname="backend.tests.test_api_proxy_iter40" name="test_local_proxy_unknown_api_returns_404_json" time="0.003" /><testcase classname="backend.tests.test_api_proxy_iter40" name="test_local_proxy_security_connection_header_rejected_400" time="0.002" /><testcase classname="backend.tests.test_api_proxy_iter40" name="test_local_proxy_unsupported_method_rejected_405" time="0.001" /><testcase classname="backend.tests.test_api_proxy_iter40" name="test_local_proxy_malformed_api_path_rejected_400" time="0.001" /><testcase classname="backend.tests.test_api_proxy_iter40" name="test_proto_proxy_preserves_path_query_and_body" time="0.226" /><testcase classname="backend.tests.test_api_proxy_iter40" name="test_proto_proxy_multiple_set_cookie_passthrough" time="0.004" /><testcase classname="backend.tests.test_api_proxy_iter40" name="test_proto_proxy_unreachable_upstream_returns_redacted_502" time="0.226" /></testsuite></testsuites>