<?xml version="1.0" encoding="utf-8"?><testsuites name="pytest tests"><testsuite name="pytest" errors="0" failures="1" skipped="0" tests="18" time="22.665" timestamp="2026-03-20T09:20:10.470858+00:00" hostname="agent-env-144d095b-fc81-417e-a491-9ee130be6216"><testcase classname="backend.tests.test_admin_pagination.TestAdminPagination" name="test_careers_default_pagination" time="3.492" /><testcase classname="backend.tests.test_admin_pagination.TestAdminPagination" name="test_careers_pagination_page2" time="0.883" /><testcase classname="backend.tests.test_admin_pagination.TestAdminPagination" name="test_careers_pagination_limit_100" time="0.855" /><testcase classname="backend.tests.test_admin_pagination.TestAdminPagination" name="test_careers_pagination_limit_200" time="1.633" /><testcase classname="backend.tests.test_admin_pagination.TestAdminPagination" name="test_careers_total_pages_calculation" time="0.880" /><testcase classname="backend.tests.test_admin_pagination.TestAdminPagination" name="test_contact_default_pagination" time="1.427" /><testcase classname="backend.tests.test_admin_pagination.TestAdminPagination" name="test_contact_pagination_page2" time="0.909" /><testcase classname="backend.tests.test_admin_pagination.TestAdminPagination" name="test_contact_pagination_limit_100" time="0.873" /><testcase classname="backend.tests.test_admin_pagination.TestAdminPagination" name="test_footer_default_pagination" time="0.941" /><testcase classname="backend.tests.test_admin_pagination.TestAdminPagination" name="test_footer_pagination_page2" time="0.930" /><testcase classname="backend.tests.test_admin_pagination.TestAdminPagination" name="test_footer_pagination_limit_100" time="0.868" /><testcase classname="backend.tests.test_admin_pagination.TestAdminPagination" name="test_export_careers_all_records" time="1.927" /><testcase classname="backend.tests.test_admin_pagination.TestAdminPagination" name="test_export_contact_all_records" time="1.177"><failure message="AssertionError: Export should have 76 rows, got 332&#10;assert 332 == 76">backend/tests/test_admin_pagination.py:213: in test_export_contact_all_records
    assert csv_data_rows == total, f"Export should have {total} rows, got {csv_data_rows}"
E   AssertionError: Export should have 76 rows, got 332
E   assert 332 == 76</failure></testcase><testcase classname="backend.tests.test_admin_pagination.TestAdminPagination" name="test_export_footer_all_records" time="1.191" /><testcase classname="backend.tests.test_admin_pagination.TestAdminPagination" name="test_dashboard_stats_shows_correct_totals" time="3.426" /><testcase classname="backend.tests.test_admin_pagination.TestAdminPagination" name="test_public_homepage_loads" time="0.434" /><testcase classname="backend.tests.test_admin_pagination.TestAdminLogin" name="test_admin_login_success" time="0.365" /><testcase classname="backend.tests.test_admin_pagination.TestAdminLogin" name="test_admin_login_wrong_password" time="0.326" /></testsuite></testsuites>