<?xml version="1.0" encoding="utf-8"?><testsuites name="pytest tests"><testsuite name="pytest" errors="0" failures="0" skipped="0" tests="21" time="42.197" timestamp="2026-09-19T09:53:44.316453+00:00" hostname="agent-env-8a9ed455-9a1d-47c1-8234-82f0fb6ee970"><testcase classname="backend.tests.test_project_enquiries.TestProjectEnquiriesBudget" name="test_valid_submission_persists_budget_exact_value" time="6.580" /><testcase classname="backend.tests.test_project_enquiries.TestProjectEnquiriesBudget" name="test_invalid_budget_values_rejected_with_422[None]" time="2.762" /><testcase classname="backend.tests.test_project_enquiries.TestProjectEnquiriesBudget" name="test_invalid_budget_values_rejected_with_422[]" time="2.730" /><testcase classname="backend.tests.test_project_enquiries.TestProjectEnquiriesBudget" name="test_invalid_budget_values_rejected_with_422[ ]" time="2.766" /><testcase classname="backend.tests.test_project_enquiries.TestProjectEnquiriesBudget" name="test_invalid_budget_values_rejected_with_422[USD 10,000\u201350,000]" time="2.738" /><testcase classname="backend.tests.test_project_enquiries.TestProjectEnquiriesBudget" name="test_invalid_budget_values_rejected_with_422[\u20b9 invalid]" time="2.767" /><testcase classname="backend.tests.test_project_enquiries.TestProjectEnquiriesBudget" name="test_invalid_budget_values_rejected_with_422[10,000\u201350,000]" time="2.740" /><testcase classname="backend.tests.test_project_enquiries.TestProjectEnquiriesBudget" name="test_invalid_budget_values_rejected_with_422[\u20ac10,000\u201350,000]" time="2.755" /><testcase classname="backend.tests.test_project_enquiries.TestProjectEnquiriesBudget" name="test_missing_budget_rejected_with_422" time="2.721" /><testcase classname="backend.tests.test_project_enquiries.TestProjectEnquiriesBudget" name="test_model_accepts_all_15_currency_range_combinations" time="0.024" /><testcase classname="backend.tests.test_project_enquiries.TestProjectEnquiriesBudget" name="test_model_rejects_invalid_budget_string" time="0.000" /><testcase classname="backend.tests.test_project_enquiries.TestAdminProjectEnquiries" name="test_protected_project_admin_endpoints_reject_missing_invalid_tokens[GET-/admin/submissions/project-enquiries?page=1&amp;limit=10]" time="0.248" /><testcase classname="backend.tests.test_project_enquiries.TestAdminProjectEnquiries" name="test_protected_project_admin_endpoints_reject_missing_invalid_tokens[GET-/admin/submission/not-real-id?form_type=project_enquiry]" time="0.249" /><testcase classname="backend.tests.test_project_enquiries.TestAdminProjectEnquiries" name="test_protected_project_admin_endpoints_reject_missing_invalid_tokens[DELETE-/admin/submission/not-real-id?form_type=project_enquiry]" time="0.240" /><testcase classname="backend.tests.test_project_enquiries.TestAdminProjectEnquiries" name="test_protected_project_admin_endpoints_reject_missing_invalid_tokens[GET-/admin/export/project_enquiry]" time="0.251" /><testcase classname="backend.tests.test_project_enquiries.TestAdminProjectEnquiries" name="test_protected_project_admin_endpoints_reject_missing_invalid_tokens[GET-/admin/dashboard/stats]" time="0.247" /><testcase classname="backend.tests.test_project_enquiries.TestAdminProjectEnquiries" name="test_admin_project_list_includes_budget_field" time="0.934" /><testcase classname="backend.tests.test_project_enquiries.TestAdminProjectEnquiries" name="test_admin_detail_handles_legacy_doc_without_budget" time="0.842" /><testcase classname="backend.tests.test_project_enquiries.TestAdminProjectEnquiries" name="test_admin_delete_project_enquiry_and_verify_removed" time="3.894" /><testcase classname="backend.tests.test_project_enquiries.TestAdminProjectEnquiries" name="test_admin_exports_include_budget" time="3.576" /><testcase classname="backend.tests.test_project_enquiries.TestAdminProjectEnquiries" name="test_admin_dashboard_stats_has_project_enquiries" time="2.650" /></testsuite></testsuites>