<?xml version="1.0" encoding="utf-8"?><testsuites name="pytest tests"><testsuite name="pytest" errors="0" failures="0" skipped="0" tests="14" time="44.073" timestamp="2026-09-18T16:22:10.314410+00:00" hostname="agent-env-8a9ed455-9a1d-47c1-8234-82f0fb6ee970"><testcase classname="backend.tests.test_project_enquiries.TestProjectEnquiriesValid" name="test_valid_submission_and_persistence" time="4.284" /><testcase classname="backend.tests.test_project_enquiries.TestProjectEnquiriesValid" name="test_country_and_message_omitted_ok" time="3.441" /><testcase classname="backend.tests.test_project_enquiries.TestProjectEnquiriesValidation" name="test_blank_required_422[fullName]" time="2.696" /><testcase classname="backend.tests.test_project_enquiries.TestProjectEnquiriesValidation" name="test_blank_required_422[company]" time="2.709" /><testcase classname="backend.tests.test_project_enquiries.TestProjectEnquiriesValidation" name="test_blank_required_422[jobTitle]" time="2.721" /><testcase classname="backend.tests.test_project_enquiries.TestProjectEnquiriesValidation" name="test_blank_required_422[city]" time="2.725" /><testcase classname="backend.tests.test_project_enquiries.TestProjectEnquiriesValidation" name="test_invalid_email_422" time="2.661" /><testcase classname="backend.tests.test_project_enquiries.TestProjectEnquiriesValidation" name="test_phone_too_short_422" time="2.682" /><testcase classname="backend.tests.test_project_enquiries.TestProjectEnquiriesValidation" name="test_phone_too_long_422" time="2.700" /><testcase classname="backend.tests.test_project_enquiries.TestProjectEnquiriesValidation" name="test_privacy_false_422" time="2.677" /><testcase classname="backend.tests.test_project_enquiries.TestProjectEnquiriesValidation" name="test_privacy_missing_422" time="2.659" /><testcase classname="backend.tests.test_project_enquiries.TestProjectEnquiriesValidation" name="test_message_1001_chars_422" time="2.693" /><testcase classname="backend.tests.test_project_enquiries.TestProjectEnquiriesDuplicate" name="test_duplicate_within_1_minute_409" time="6.059" /><testcase classname="backend.tests.test_project_enquiries.TestRegression" name="test_contact_enquiries_still_works" time="3.164" /></testsuite></testsuites>