<?xml version="1.0" encoding="utf-8"?><testsuites name="pytest tests"><testsuite name="pytest" errors="0" failures="1" skipped="0" tests="15" time="0.811" timestamp="2026-01-10T14:15:32.721812+00:00" hostname="agent-env-d56da2c4-685e-4dc9-b6a2-ed73fd267a03"><testcase classname="tests.test_job_applications.TestJobApplicationSubmit" name="test_submit_valid_application_with_pdf" time="0.079" /><testcase classname="tests.test_job_applications.TestJobApplicationSubmit" name="test_submit_application_with_linkedin" time="0.051" /><testcase classname="tests.test_job_applications.TestJobApplicationSubmit" name="test_submit_application_with_doc_file" time="0.040" /><testcase classname="tests.test_job_applications.TestJobApplicationSubmit" name="test_submit_application_with_docx_file" time="0.036" /><testcase classname="tests.test_job_applications.TestJobApplicationValidation" name="test_validation_first_name_too_short" time="0.036" /><testcase classname="tests.test_job_applications.TestJobApplicationValidation" name="test_validation_last_name_too_short" time="0.031" /><testcase classname="tests.test_job_applications.TestJobApplicationValidation" name="test_validation_invalid_email" time="0.038" /><testcase classname="tests.test_job_applications.TestJobApplicationValidation" name="test_validation_phone_too_short" time="0.035" /><testcase classname="tests.test_job_applications.TestJobApplicationValidation" name="test_validation_phone_too_long" time="0.032" /><testcase classname="tests.test_job_applications.TestJobApplicationValidation" name="test_validation_missing_location" time="0.032"><failure message="assert 422 == 400&#10; +  where 422 = &lt;Response [422]&gt;.status_code">tests/test_job_applications.py:252: in test_validation_missing_location
    assert response.status_code == 400
E   assert 422 == 400
E    +  where 422 = &lt;Response [422]&gt;.status_code</failure></testcase><testcase classname="tests.test_job_applications.TestJobApplicationValidation" name="test_validation_invalid_file_type" time="0.036" /><testcase classname="tests.test_job_applications.TestGetJobApplications" name="test_get_all_applications" time="0.034" /><testcase classname="tests.test_job_applications.TestGetJobApplications" name="test_get_applications_with_status_filter" time="0.041" /><testcase classname="tests.test_job_applications.TestGetJobApplications" name="test_get_applications_with_limit" time="0.037" /><testcase classname="tests.test_job_applications.TestSubmitAndVerify" name="test_submit_and_retrieve_application" time="0.116" /></testsuite></testsuites>