<?xml version="1.0" encoding="utf-8"?><testsuites name="pytest tests"><testsuite name="pytest" errors="0" failures="0" skipped="0" tests="24" time="13.226" timestamp="2026-05-15T11:10:33.476189+00:00" hostname="agent-env-0bedc799-1ae9-4fc3-b20b-417ee544fde1"><testcase classname="backend.tests.test_security_hardening.TestSecurityHeaders" name="test_backend_security_headers_on_api_root" time="0.147" /><testcase classname="backend.tests.test_security_hardening.TestSecurityHeaders" name="test_frontend_security_headers" time="0.111" /><testcase classname="backend.tests.test_security_hardening.TestAPIDocsDisabled" name="test_api_docs_endpoint_returns_404" time="0.110" /><testcase classname="backend.tests.test_security_hardening.TestAPIDocsDisabled" name="test_api_openapi_json_returns_404" time="0.110" /><testcase classname="backend.tests.test_security_hardening.TestAPIDocsDisabled" name="test_api_redoc_returns_404" time="0.107" /><testcase classname="backend.tests.test_security_hardening.TestSourceMapsBlocked" name="test_js_map_returns_404" time="0.117" /><testcase classname="backend.tests.test_security_hardening.TestSourceMapsBlocked" name="test_css_map_returns_404" time="0.108" /><testcase classname="backend.tests.test_security_hardening.TestSourceMapsBlocked" name="test_random_map_file_returns_404" time="0.105" /><testcase classname="backend.tests.test_security_hardening.TestAdminAuthentication" name="test_admin_login_success" time="2.437" /><testcase classname="backend.tests.test_security_hardening.TestAdminAuthentication" name="test_admin_login_invalid_credentials" time="0.364" /><testcase classname="backend.tests.test_security_hardening.TestAdminAuthentication" name="test_admin_verify_without_token" time="0.109" /><testcase classname="backend.tests.test_security_hardening.TestAdminAuthentication" name="test_admin_dashboard_without_token" time="0.104" /><testcase classname="backend.tests.test_security_hardening.TestAdminAuthentication" name="test_admin_dashboard_with_valid_token" time="1.939" /><testcase classname="backend.tests.test_security_hardening.TestAdminExport" name="test_export_footer_works" time="0.945" /><testcase classname="backend.tests.test_security_hardening.TestAdminExport" name="test_export_contact_works" time="0.855" /><testcase classname="backend.tests.test_security_hardening.TestAdminExport" name="test_export_careers_works" time="1.412" /><testcase classname="backend.tests.test_security_hardening.TestAdminExport" name="test_export_invalid_type_returns_400" time="0.112" /><testcase classname="backend.tests.test_security_hardening.TestContactFormSubmission" name="test_contact_submit_general_enquiry" time="0.591" /><testcase classname="backend.tests.test_security_hardening.TestAdminSubmissionsEndpoints" name="test_footer_submissions_endpoint" time="0.591" /><testcase classname="backend.tests.test_security_hardening.TestAdminSubmissionsEndpoints" name="test_contact_submissions_endpoint" time="0.605" /><testcase classname="backend.tests.test_security_hardening.TestAdminSubmissionsEndpoints" name="test_careers_submissions_endpoint" time="0.620" /><testcase classname="backend.tests.test_security_hardening.TestAdminSubmissionsEndpoints" name="test_pagination_works" time="0.594" /><testcase classname="backend.tests.test_security_hardening.TestPublicEndpoints" name="test_api_root" time="0.127" /><testcase classname="backend.tests.test_security_hardening.TestPublicEndpoints" name="test_contacts_list" time="0.822" /></testsuite></testsuites>